Arguments: 
  /usr/local/bin/node /usr/local/bin/yarn gulp dev

PATH: 
  /usr/local/bin:/usr/bin:/bin:/usr/sbin:/sbin

Yarn version: 
  1.5.1

Node version: 
  9.3.0

Platform: 
  darwin x64

npm manifest: 
  {
      "title": "Resume",
      "name": "startbootstrap-resume",
      "version": "4.0.0",
      "description": "Resume is a simple, yet elegant resume and CV theme for Bootstrap 4.",
      "keywords": [
          "css",
          "sass",
          "html",
          "responsive",
          "theme",
          "template"
      ],
      "homepage": "https://startbootstrap.com/template-overviews/resume",
      "bugs": {
          "url": "https://github.com/BlackrockDigital/startbootstrap-resume/issues",
          "email": "feedback@startbootstrap.com"
      },
      "license": "MIT",
      "author": "Start Bootstrap",
      "contributors": [
          "David Miller (http://davidmiller.io/)"
      ],
      "repository": {
          "type": "git",
          "url": "https://github.com/BlackrockDigital/startbootstrap-resume.git"
      },
      "dependencies": {
          "bootstrap": "4.0.0",
          "devicons": "^1.8.0",
          "jquery": "3.3.1",
          "simple-line-icons": "^2.4.1"
      },
      "devDependencies": {
          "browser-sync": "2.23.6",
          "gulp": "^3.9.1",
          "gulp-clean-css": "3.9.2",
          "gulp-header": "2.0.1",
          "gulp-rename": "^1.2.2",
          "gulp-sass": "^3.1.0",
          "gulp-uglify": "3.0.0"
      }
  }

yarn manifest: 
  No manifest

Lockfile: 
  No lockfile

Trace: 
  Error: Command "gulp" not found.
      at new MessageError (/usr/local/lib/node_modules/yarn/lib/cli.js:186:110)
      at /usr/local/lib/node_modules/yarn/lib/cli.js:87307:17
      at Generator.next (<anonymous>)
      at step (/usr/local/lib/node_modules/yarn/lib/cli.js:98:30)
      at /usr/local/lib/node_modules/yarn/lib/cli.js:116:14
      at new Promise (<anonymous>)
      at new F (/usr/local/lib/node_modules/yarn/lib/cli.js:23451:28)
      at /usr/local/lib/node_modules/yarn/lib/cli.js:95:12
      at runCommand (/usr/local/lib/node_modules/yarn/lib/cli.js:87312:22)
      at Object.<anonymous> (/usr/local/lib/node_modules/yarn/lib/cli.js:87412:14)
